# JRE version: OpenJDK Runtime Environment (8.0_202-b03) (build 1.8.0_202-release-1483-b03)
# Java VM: OpenJDK 64-Bit Server VM (25.202-b03 mixed mode windows-amd64 compressed oops)
Heap:
 PSYoungGen      total 203264K, used 61136K [0x00000000e0000000, 0x00000000efc80000, 0x0000000100000000)
  eden space 182272K, 23% used [0x00000000e0000000,0x00000000e29a1ca8,0x00000000eb200000)
  from space 20992K, 88% used [0x00000000eb200000,0x00000000ec412548,0x00000000ec680000)
  to   space 22528K, 0% used [0x00000000ee680000,0x00000000ee680000,0x00000000efc80000)
 ParOldGen       total 179200K, used 36341K [0x00000000a0000000, 0x00000000aaf00000, 0x00000000e0000000)
  object space 179200K, 20% used [0x00000000a0000000,0x00000000a237d770,0x00000000aaf00000)
 Metaspace       used 62898K, capacity 65168K, committed 65320K, reserved 1105920K
  class space    used 8486K, capacity 8961K, committed 9000K, reserved 1048576K
GC Heap History (10 events):
Event: 2.610 GC heap before
{Heap before GC invocations=8 (full 2):
 PSYoungGen      total 144896K, used 8950K [0x00000000e0000000, 0x00000000ee580000, 0x0000000100000000)
  eden space 131584K, 0% used [0x00000000e0000000,0x00000000e0000000,0x00000000e8080000)
  from space 13312K, 67% used [0x00000000e8d00000,0x00000000e95bd908,0x00000000e9a00000)
  to   space 12800K, 0% used [0x00000000e8080000,0x00000000e8080000,0x00000000e8d00000)
 ParOldGen       total 117248K, used 11369K [0x00000000a0000000, 0x00000000a7280000, 0x00000000e0000000)
  object space 117248K, 9% used [0x00000000a0000000,0x00000000a0b1a760,0x00000000a7280000)
 Metaspace       used 34688K, capacity 35458K, committed 35496K, reserved 1079296K
  class space    used 4787K, capacity 5014K, committed 5032K, reserved 1048576K
Event: 2.674 GC heap after
Heap after GC invocations=8 (full 2):
 PSYoungGen      total 144896K, used 0K [0x00000000e0000000, 0x00000000ee580000, 0x0000000100000000)
  eden space 131584K, 0% used [0x00000000e0000000,0x00000000e0000000,0x00000000e8080000)
  from space 13312K, 0% used [0x00000000e8d00000,0x00000000e8d00000,0x00000000e9a00000)
  to   space 12800K, 0% used [0x00000000e8080000,0x00000000e8080000,0x00000000e8d00000)
 ParOldGen       total 179200K, used 15891K [0x00000000a0000000, 0x00000000aaf00000, 0x00000000e0000000)
  object space 179200K, 8% used [0x00000000a0000000,0x00000000a0f84c40,0x00000000aaf00000)
 Metaspace       used 34653K, capacity 35338K, committed 35496K, reserved 1079296K
  class space    used 4776K, capacity 4994K, committed 5032K, reserved 1048576K
}
Event: 3.599 GC heap before
{Heap before GC invocations=9 (full 2):
 PSYoungGen      total 144896K, used 131584K [0x00000000e0000000, 0x00000000ee580000, 0x0000000100000000)
  eden space 131584K, 100% used [0x00000000e0000000,0x00000000e8080000,0x00000000e8080000)
  from space 13312K, 0% used [0x00000000e8d00000,0x00000000e8d00000,0x00000000e9a00000)
  to   space 12800K, 0% used [0x00000000e8080000,0x00000000e8080000,0x00000000e8d00000)
 ParOldGen       total 179200K, used 15891K [0x00000000a0000000, 0x00000000aaf00000, 0x00000000e0000000)
  object space 179200K, 8% used [0x00000000a0000000,0x00000000a0f84c40,0x00000000aaf00000)
 Metaspace       used 47762K, capacity 49048K, committed 49320K, reserved 1091584K
  class space    used 6442K, capacity 6779K, committed 6824K, reserved 1048576K
Event: 3.614 GC heap after
Heap after GC invocations=9 (full 2):
 PSYoungGen      total 144384K, used 12795K [0x00000000e0000000, 0x00000000ed680000, 0x0000000100000000)
  eden space 131584K, 0% used [0x00000000e0000000,0x00000000e0000000,0x00000000e8080000)
  from space 12800K, 99% used [0x00000000e8080000,0x00000000e8cfef68,0x00000000e8d00000)
  to   space 16384K, 0% used [0x00000000ec680000,0x00000000ec680000,0x00000000ed680000)
 ParOldGen       total 179200K, used 20359K [0x00000000a0000000, 0x00000000aaf00000, 0x00000000e0000000)
  object space 179200K, 11% used [0x00000000a0000000,0x00000000a13e1f80,0x00000000aaf00000)
 Metaspace       used 47762K, capacity 49048K, committed 49320K, reserved 1091584K
  class space    used 6442K, capacity 6779K, committed 6824K, reserved 1048576K
}
Event: 4.492 GC heap before
{Heap before GC invocations=10 (full 2):
 PSYoungGen      total 144384K, used 142410K [0x00000000e0000000, 0x00000000ed680000, 0x0000000100000000)
  eden space 131584K, 98% used [0x00000000e0000000,0x00000000e7e93b88,0x00000000e8080000)
  from space 12800K, 99% used [0x00000000e8080000,0x00000000e8cfef68,0x00000000e8d00000)
  to   space 16384K, 0% used [0x00000000ec680000,0x00000000ec680000,0x00000000ed680000)
 ParOldGen       total 179200K, used 20359K [0x00000000a0000000, 0x00000000aaf00000, 0x00000000e0000000)
  object space 179200K, 11% used [0x00000000a0000000,0x00000000a13e1f80,0x00000000aaf00000)
 Metaspace       used 57594K, capacity 59152K, committed 59160K, reserved 1099776K
  class space    used 7839K, capacity 8229K, committed 8232K, reserved 1048576K
Event: 4.519 GC heap after
Heap after GC invocations=10 (full 2):
 PSYoungGen      total 198656K, used 16380K [0x00000000e0000000, 0x00000000ee100000, 0x0000000100000000)
  eden space 182272K, 0% used [0x00000000e0000000,0x00000000e0000000,0x00000000eb200000)
  from space 16384K, 99% used [0x00000000ec680000,0x00000000ed67f380,0x00000000ed680000)
  to   space 20992K, 0% used [0x00000000eb200000,0x00000000eb200000,0x00000000ec680000)
 ParOldGen       total 179200K, used 26247K [0x00000000a0000000, 0x00000000aaf00000, 0x00000000e0000000)
  object space 179200K, 14% used [0x00000000a0000000,0x00000000a19a1f00,0x00000000aaf00000)
 Metaspace       used 57594K, capacity 59152K, committed 59160K, reserved 1099776K
  class space    used 7839K, capacity 8229K, committed 8232K, reserved 1048576K
}
Event: 4.519 GC heap before
{Heap before GC invocations=11 (full 3):
 PSYoungGen      total 198656K, used 16380K [0x00000000e0000000, 0x00000000ee100000, 0x0000000100000000)
  eden space 182272K, 0% used [0x00000000e0000000,0x00000000e0000000,0x00000000eb200000)
  from space 16384K, 99% used [0x00000000ec680000,0x00000000ed67f380,0x00000000ed680000)
  to   space 20992K, 0% used [0x00000000eb200000,0x00000000eb200000,0x00000000ec680000)
 ParOldGen       total 179200K, used 26247K [0x00000000a0000000, 0x00000000aaf00000, 0x00000000e0000000)
  object space 179200K, 14% used [0x00000000a0000000,0x00000000a19a1f00,0x00000000aaf00000)
 Metaspace       used 57594K, capacity 59152K, committed 59160K, reserved 1099776K
  class space    used 7839K, capacity 8229K, committed 8232K, reserved 1048576K
Event: 4.726 GC heap after
Heap after GC invocations=11 (full 3):
 PSYoungGen      total 198656K, used 0K [0x00000000e0000000, 0x00000000ee100000, 0x0000000100000000)
  eden space 182272K, 0% used [0x00000000e0000000,0x00000000e0000000,0x00000000eb200000)
  from space 16384K, 0% used [0x00000000ec680000,0x00000000ec680000,0x00000000ed680000)
  to   space 20992K, 0% used [0x00000000eb200000,0x00000000eb200000,0x00000000ec680000)
 ParOldGen       total 179200K, used 36333K [0x00000000a0000000, 0x00000000aaf00000, 0x00000000e0000000)
  object space 179200K, 20% used [0x00000000a0000000,0x00000000a237b770,0x00000000aaf00000)
 Metaspace       used 57594K, capacity 59152K, committed 59160K, reserved 1099776K
  class space    used 7839K, capacity 8229K, committed 8232K, reserved 1048576K
}
Event: 6.199 GC heap before
{Heap before GC invocations=12 (full 3):
 PSYoungGen      total 198656K, used 182271K [0x00000000e0000000, 0x00000000ee100000, 0x0000000100000000)
  eden space 182272K, 99% used [0x00000000e0000000,0x00000000eb1ffc78,0x00000000eb200000)
  from space 16384K, 0% used [0x00000000ec680000,0x00000000ec680000,0x00000000ed680000)
  to   space 20992K, 0% used [0x00000000eb200000,0x00000000eb200000,0x00000000ec680000)
 ParOldGen       total 179200K, used 36333K [0x00000000a0000000, 0x00000000aaf00000, 0x00000000e0000000)
  object space 179200K, 20% used [0x00000000a0000000,0x00000000a237b770,0x00000000aaf00000)
 Metaspace       used 61743K, capacity 63948K, committed 64168K, reserved 1103872K
  class space    used 8350K, capacity 8805K, committed 8872K, reserved 1048576K
Event: 6.221 GC heap after
Heap after GC invocations=12 (full 3):
 PSYoungGen      total 203264K, used 18505K [0x00000000e0000000, 0x00000000efc80000, 0x0000000100000000)
  eden space 182272K, 0% used [0x00000000e0000000,0x00000000e0000000,0x00000000eb200000)
  from space 20992K, 88% used [0x00000000eb200000,0x00000000ec412548,0x00000000ec680000)
  to   space 22528K, 0% used [0x00000000ee680000,0x00000000ee680000,0x00000000efc80000)
 ParOldGen       total 179200K, used 36341K [0x00000000a0000000, 0x00000000aaf00000, 0x00000000e0000000)
  object space 179200K, 20% used [0x00000000a0000000,0x00000000a237d770,0x00000000aaf00000)
 Metaspace       used 61743K, capacity 63948K, committed 64168K, reserved 1103872K
  class space    used 8350K, capacity 8805K, committed 8872K, reserved 1048576K
}

