# JRE version: OpenJDK Runtime Environment (8.0_202-b03) (build 1.8.0_202-release-1483-b03)
# Java VM: OpenJDK 64-Bit Server VM (25.202-b03 mixed mode windows-amd64 compressed oops)
Heap:
 PSYoungGen      total 254464K, used 214471K [0x00000000e0000000, 0x00000000f1080000, 0x0000000100000000)
  eden space 237056K, 90% used [0x00000000e0000000,0x00000000ed171c58,0x00000000ee780000)
  from space 17408K, 0% used [0x00000000eff80000,0x00000000eff80000,0x00000000f1080000)
  to   space 20992K, 0% used [0x00000000ee780000,0x00000000ee780000,0x00000000efc00000)
 ParOldGen       total 222720K, used 34927K [0x00000000a0000000, 0x00000000ad980000, 0x00000000e0000000)
  object space 222720K, 15% used [0x00000000a0000000,0x00000000a221bc30,0x00000000ad980000)
 Metaspace       used 62650K, capacity 64998K, committed 65304K, reserved 1105920K
  class space    used 8481K, capacity 8972K, committed 9000K, reserved 1048576K
GC Heap History (10 events):
Event: 3.006 GC heap before
{Heap before GC invocations=7 (full 1):
 PSYoungGen      total 139264K, used 30928K [0x00000000e0000000, 0x00000000eaf00000, 0x0000000100000000)
  eden space 128512K, 15% used [0x00000000e0000000,0x00000000e13b8510,0x00000000e7d80000)
  from space 10752K, 99% used [0x00000000e7d80000,0x00000000e87fbce8,0x00000000e8800000)
  to   space 13824K, 0% used [0x00000000ea180000,0x00000000ea180000,0x00000000eaf00000)
 ParOldGen       total 114688K, used 11454K [0x00000000a0000000, 0x00000000a7000000, 0x00000000e0000000)
  object space 114688K, 9% used [0x00000000a0000000,0x00000000a0b2f920,0x00000000a7000000)
 Metaspace       used 34741K, capacity 35460K, committed 35496K, reserved 1079296K
  class space    used 4791K, capacity 5003K, committed 5032K, reserved 1048576K
Event: 3.060 GC heap after
Heap after GC invocations=7 (full 1):
 PSYoungGen      total 165888K, used 8857K [0x00000000e0000000, 0x00000000efc80000, 0x0000000100000000)
  eden space 152064K, 0% used [0x00000000e0000000,0x00000000e0000000,0x00000000e9480000)
  from space 13824K, 64% used [0x00000000ea180000,0x00000000eaa26490,0x00000000eaf00000)
  to   space 13312K, 0% used [0x00000000e9480000,0x00000000e9480000,0x00000000ea180000)
 ParOldGen       total 114688K, used 11462K [0x00000000a0000000, 0x00000000a7000000, 0x00000000e0000000)
  object space 114688K, 9% used [0x00000000a0000000,0x00000000a0b31920,0x00000000a7000000)
 Metaspace       used 34741K, capacity 35460K, committed 35496K, reserved 1079296K
  class space    used 4791K, capacity 5003K, committed 5032K, reserved 1048576K
}
Event: 3.060 GC heap before
{Heap before GC invocations=8 (full 2):
 PSYoungGen      total 165888K, used 8857K [0x00000000e0000000, 0x00000000efc80000, 0x0000000100000000)
  eden space 152064K, 0% used [0x00000000e0000000,0x00000000e0000000,0x00000000e9480000)
  from space 13824K, 64% used [0x00000000ea180000,0x00000000eaa26490,0x00000000eaf00000)
  to   space 13312K, 0% used [0x00000000e9480000,0x00000000e9480000,0x00000000ea180000)
 ParOldGen       total 114688K, used 11462K [0x00000000a0000000, 0x00000000a7000000, 0x00000000e0000000)
  object space 114688K, 9% used [0x00000000a0000000,0x00000000a0b31920,0x00000000a7000000)
 Metaspace       used 34741K, capacity 35460K, committed 35496K, reserved 1079296K
  class space    used 4791K, capacity 5003K, committed 5032K, reserved 1048576K
Event: 3.157 GC heap after
Heap after GC invocations=8 (full 2):
 PSYoungGen      total 165888K, used 0K [0x00000000e0000000, 0x00000000efc80000, 0x0000000100000000)
  eden space 152064K, 0% used [0x00000000e0000000,0x00000000e0000000,0x00000000e9480000)
  from space 13824K, 0% used [0x00000000ea180000,0x00000000ea180000,0x00000000eaf00000)
  to   space 13312K, 0% used [0x00000000e9480000,0x00000000e9480000,0x00000000ea180000)
 ParOldGen       total 155136K, used 15754K [0x00000000a0000000, 0x00000000a9780000, 0x00000000e0000000)
  object space 155136K, 10% used [0x00000000a0000000,0x00000000a0f62ab0,0x00000000a9780000)
 Metaspace       used 34725K, capacity 35406K, committed 35496K, reserved 1079296K
  class space    used 4786K, capacity 4994K, committed 5032K, reserved 1048576K
}
Event: 4.240 GC heap before
{Heap before GC invocations=9 (full 2):
 PSYoungGen      total 165888K, used 152064K [0x00000000e0000000, 0x00000000efc80000, 0x0000000100000000)
  eden space 152064K, 100% used [0x00000000e0000000,0x00000000e9480000,0x00000000e9480000)
  from space 13824K, 0% used [0x00000000ea180000,0x00000000ea180000,0x00000000eaf00000)
  to   space 13312K, 0% used [0x00000000e9480000,0x00000000e9480000,0x00000000ea180000)
 ParOldGen       total 155136K, used 15754K [0x00000000a0000000, 0x00000000a9780000, 0x00000000e0000000)
  object space 155136K, 10% used [0x00000000a0000000,0x00000000a0f62ab0,0x00000000a9780000)
 Metaspace       used 49074K, capacity 50414K, committed 50600K, reserved 1093632K
  class space    used 6639K, capacity 6976K, committed 7080K, reserved 1048576K
Event: 4.264 GC heap after
Heap after GC invocations=9 (full 2):
 PSYoungGen      total 165376K, used 13290K [0x00000000e0000000, 0x00000000f1080000, 0x0000000100000000)
  eden space 152064K, 0% used [0x00000000e0000000,0x00000000e0000000,0x00000000e9480000)
  from space 13312K, 99% used [0x00000000e9480000,0x00000000ea17a980,0x00000000ea180000)
  to   space 17408K, 0% used [0x00000000eff80000,0x00000000eff80000,0x00000000f1080000)
 ParOldGen       total 155136K, used 21433K [0x00000000a0000000, 0x00000000a9780000, 0x00000000e0000000)
  object space 155136K, 13% used [0x00000000a0000000,0x00000000a14ee5e0,0x00000000a9780000)
 Metaspace       used 49074K, capacity 50414K, committed 50600K, reserved 1093632K
  class space    used 6639K, capacity 6976K, committed 7080K, reserved 1048576K
}
Event: 5.137 GC heap before
{Heap before GC invocations=10 (full 2):
 PSYoungGen      total 165376K, used 124493K [0x00000000e0000000, 0x00000000f1080000, 0x0000000100000000)
  eden space 152064K, 73% used [0x00000000e0000000,0x00000000e6c98d70,0x00000000e9480000)
  from space 13312K, 99% used [0x00000000e9480000,0x00000000ea17a980,0x00000000ea180000)
  to   space 17408K, 0% used [0x00000000eff80000,0x00000000eff80000,0x00000000f1080000)
 ParOldGen       total 155136K, used 21433K [0x00000000a0000000, 0x00000000a9780000, 0x00000000e0000000)
  object space 155136K, 13% used [0x00000000a0000000,0x00000000a14ee5e0,0x00000000a9780000)
 Metaspace       used 57583K, capacity 59148K, committed 59160K, reserved 1099776K
  class space    used 7843K, capacity 8229K, committed 8232K, reserved 1048576K
Event: 5.151 GC heap after
Heap after GC invocations=10 (full 2):
 PSYoungGen      total 254464K, used 17391K [0x00000000e0000000, 0x00000000f1080000, 0x0000000100000000)
  eden space 237056K, 0% used [0x00000000e0000000,0x00000000e0000000,0x00000000ee780000)
  from space 17408K, 99% used [0x00000000eff80000,0x00000000f107bde0,0x00000000f1080000)
  to   space 20992K, 0% used [0x00000000ee780000,0x00000000ee780000,0x00000000efc00000)
 ParOldGen       total 155136K, used 24747K [0x00000000a0000000, 0x00000000a9780000, 0x00000000e0000000)
  object space 155136K, 15% used [0x00000000a0000000,0x00000000a182aed8,0x00000000a9780000)
 Metaspace       used 57583K, capacity 59148K, committed 59160K, reserved 1099776K
  class space    used 7843K, capacity 8229K, committed 8232K, reserved 1048576K
}
Event: 5.151 GC heap before
{Heap before GC invocations=11 (full 3):
 PSYoungGen      total 254464K, used 17391K [0x00000000e0000000, 0x00000000f1080000, 0x0000000100000000)
  eden space 237056K, 0% used [0x00000000e0000000,0x00000000e0000000,0x00000000ee780000)
  from space 17408K, 99% used [0x00000000eff80000,0x00000000f107bde0,0x00000000f1080000)
  to   space 20992K, 0% used [0x00000000ee780000,0x00000000ee780000,0x00000000efc00000)
 ParOldGen       total 155136K, used 24747K [0x00000000a0000000, 0x00000000a9780000, 0x00000000e0000000)
  object space 155136K, 15% used [0x00000000a0000000,0x00000000a182aed8,0x00000000a9780000)
 Metaspace       used 57583K, capacity 59148K, committed 59160K, reserved 1099776K
  class space    used 7843K, capacity 8229K, committed 8232K, reserved 1048576K
Event: 5.363 GC heap after
Heap after GC invocations=11 (full 3):
 PSYoungGen      total 254464K, used 0K [0x00000000e0000000, 0x00000000f1080000, 0x0000000100000000)
  eden space 237056K, 0% used [0x00000000e0000000,0x00000000e0000000,0x00000000ee780000)
  from space 17408K, 0% used [0x00000000eff80000,0x00000000eff80000,0x00000000f1080000)
  to   space 20992K, 0% used [0x00000000ee780000,0x00000000ee780000,0x00000000efc00000)
 ParOldGen       total 222720K, used 34927K [0x00000000a0000000, 0x00000000ad980000, 0x00000000e0000000)
  object space 222720K, 15% used [0x00000000a0000000,0x00000000a221bc30,0x00000000ad980000)
 Metaspace       used 57583K, capacity 59148K, committed 59160K, reserved 1099776K
  class space    used 7843K, capacity 8229K, committed 8232K, reserved 1048576K
}

